# Preference setting overrides
gui_create_pref_key -category {Globals} -key {load_detail_for_funcov} -value_type {bool} -value {false}

# State setting overrides
gui_state_default_create -off -ini
gui_set_state_value -category Globals -key recent_databases -value {{gui_open_db -file gcd.vpd}}
gui_set_state_value -category Layout -key child_console_size_x -value 1520
gui_set_state_value -category Layout -key child_console_size_y -value 154
gui_set_state_value -category Layout -key child_data_size_x -value 149
gui_set_state_value -category Layout -key child_data_size_y -value 524
gui_set_state_value -category Layout -key child_driver_size_x -value 1257
gui_set_state_value -category Layout -key child_driver_size_y -value 179
gui_set_state_value -category Layout -key child_hier_col3 -value {-1}
gui_set_state_value -category Layout -key child_hier_colpd -value 0
gui_set_state_value -category Layout -key child_hier_size_x -value 149
gui_set_state_value -category Layout -key child_hier_size_y -value 524
gui_set_state_value -category Layout -key child_source_docknewline -value false
gui_set_state_value -category Layout -key child_source_pos_x -value {-2}
gui_set_state_value -category Layout -key child_source_pos_y -value {-15}
gui_set_state_value -category Layout -key child_source_size_x -value 1225
gui_set_state_value -category Layout -key child_source_size_y -value 519
gui_set_state_value -category Layout -key child_wave_colname -value 220
gui_set_state_value -category Layout -key child_wave_colvalue -value 220
gui_set_state_value -category Layout -key child_wave_left -value 445
gui_set_state_value -category Layout -key child_wave_right -value 1085
gui_set_state_value -category Layout -key main_pos_x -value 8
gui_set_state_value -category Layout -key main_pos_y -value 31
gui_set_state_value -category Layout -key main_size_x -value 1528
gui_set_state_value -category Layout -key main_size_y -value 808
gui_set_state_value -category Layout -key stand_wave_child_docknewline -value false
gui_set_state_value -category Layout -key stand_wave_child_pos_x -value {-2}
gui_set_state_value -category Layout -key stand_wave_child_pos_y -value {-15}
gui_set_state_value -category Layout -key stand_wave_child_size_x -value 1540
gui_set_state_value -category Layout -key stand_wave_child_size_y -value 688
gui_set_state_value -category Layout -key stand_wave_top_pos_x -value 0
gui_set_state_value -category Layout -key stand_wave_top_pos_y -value 23
gui_set_state_value -category Layout -key stand_wave_top_size_x -value 1535
gui_set_state_value -category Layout -key stand_wave_top_size_y -value 815
gui_create_state_key -category FindDialog -key m_pMatchCase -value_type bool -value false
gui_create_state_key -category FindDialog -key m_pMatchWord -value_type bool -value false
gui_create_state_key -category FindDialog -key m_pUseCombo -value_type string -value {}
gui_create_state_key -category FindDialog -key m_pWrapAround -value_type bool -value true
gui_state_default_create -off

# Begin command logging
gui_open_db -file gcd.vpd
gui_list_select -id Data.1 -selected  { tb_gcd.clk_i   }
gui_list_select -id Data.1 -selected  { tb_gcd.clk_i  tb_gcd.reset_i  tb_gcd.valid_o  {tb_gcd.a_i[7:0]}  {tb_gcd.b_i[7:0]}  {tb_gcd.gcd_o[7:0]}  tb_gcd.valid_i  tb_gcd.flag   }
gui_open_window Wave
gui_list_add -id Wave.1 -from Data.1 { tb_gcd.clk_i tb_gcd.reset_i tb_gcd.valid_o {tb_gcd.a_i[7:0]} {tb_gcd.b_i[7:0]} {tb_gcd.gcd_o[7:0]} tb_gcd.valid_i tb_gcd.flag } -insertionbar
gui_zoom -window Wave.1 -full
gui_wv_zoom_timerange -id  Wave.1 48676768 212091633
gui_wv_zoom_timerange -id  Wave.1 53033954 61020996
gui_wv_zoom_timerange -id  Wave.1 54012079 54519564
gui_wv_zoom_timerange -id  Wave.1 54425906 54454678
gui_list_select -id Wave.1 -selected  { {tb_gcd.b_i[7:0]}   }
gui_list_select -id Wave.1 -selected  { {tb_gcd.a_i[7:0]}  {tb_gcd.b_i[7:0]}   }
gui_list_select -id Wave.1 -selected  { {tb_gcd.a_i[7:0]}   }
gui_list_select -id Wave.1 -selected  { {tb_gcd.gcd_o[7:0]}   }
gui_list_select -id Wave.1 -selected  { {tb_gcd.gcd_o[7:0]}  {tb_gcd.b_i[7:0]}   }
gui_list_select -id Wave.1 -selected  { {tb_gcd.gcd_o[7:0]}  {tb_gcd.b_i[7:0]}  {tb_gcd.a_i[7:0]}   }
gui_list_set_selected_property -id Wave.1 -radix decimal
gui_marker_move -id  Wave.1 C1 54431927
gui_marker_move -id  Wave.1 C1 54440674
gui_marker_select -id  Wave.1 { C1 }
gui_wv_scroll_hslidermove -id  Wave.1 1935288
gui_wv_scroll_hslidermove -id  Wave.1 1935441
gui_wv_scroll_hslidermove -id  Wave.1 1935594
gui_wv_scroll_hslidermove -id  Wave.1 1935747
gui_zoom -window Wave.1 -full
gui_wv_zoom_timerange -id  Wave.1 1119565672 1303842009
gui_wv_zoom_timerange -id  Wave.1 1183835862 1192842526
gui_wv_zoom_timerange -id  Wave.1 1185824602 1186256006
gui_wv_zoom_timerange -id  Wave.1 1185959115 1185983153
gui_wv_scroll_hslidermove -id  Wave.1 50471747
gui_wv_scroll_hslidermove -id  Wave.1 50471900
gui_wv_scroll_hslidermove -id  Wave.1 50472053
gui_wv_scroll_hslidermove -id  Wave.1 50472206
gui_wv_scroll_hslidermove -id  Wave.1 50472359
gui_wv_scroll_hslidermove -id  Wave.1 50472512
gui_wv_scroll_hslidermove -id  Wave.1 50472665
gui_wv_scroll_hslidermove -id  Wave.1 50472818
gui_wv_scroll_hslidermove -id  Wave.1 50472971
gui_wv_scroll_hslidermove -id  Wave.1 50473124
gui_wv_scroll_hslidermove -id  Wave.1 50473277
gui_wv_scroll_hslidermove -id  Wave.1 50473430
gui_wv_scroll_hslidermove -id  Wave.1 50473583
gui_wv_scroll_hslidermove -id  Wave.1 50473736
gui_wv_scroll_hslidermove -id  Wave.1 50473889
gui_wv_scroll_hslidermove -id  Wave.1 50474042
gui_wv_scroll_hslidermove -id  Wave.1 50474195
gui_wv_scroll_hslidermove -id  Wave.1 50474348
gui_wv_scroll_hslidermove -id  Wave.1 50474501
gui_wv_scroll_hslidermove -id  Wave.1 50474654
gui_wv_scroll_hslidermove -id  Wave.1 50474807
gui_wv_scroll_hslidermove -id  Wave.1 50474960
gui_wv_scroll_hslidermove -id  Wave.1 50475113
gui_wv_scroll_hslidermove -id  Wave.1 50475266
gui_wv_scroll_hslidermove -id  Wave.1 50475419
gui_wv_scroll_hslidermove -id  Wave.1 50475572
gui_wv_scroll_hslidermove -id  Wave.1 50475725
gui_wv_scroll_hslidermove -id  Wave.1 50476031
gui_wv_scroll_hslidermove -id  Wave.1 50476184
gui_wv_scroll_hslidermove -id  Wave.1 50476337
gui_wv_scroll_hslidermove -id  Wave.1 50476490
gui_wv_scroll_hslidermove -id  Wave.1 50476643
gui_wv_scroll_hslidermove -id  Wave.1 50476796
gui_wv_scroll_hslidermove -id  Wave.1 50476949
gui_wv_scroll_hslidermove -id  Wave.1 50477255
gui_wv_scroll_hslidermove -id  Wave.1 50477408
gui_wv_scroll_hslidermove -id  Wave.1 50477561
gui_wv_scroll_hslidermove -id  Wave.1 50477714
gui_wv_scroll_hslidermove -id  Wave.1 50477867
gui_wv_zoom_timerange -id  Wave.1 1186106517 1186131542
gui_wv_scroll_hslidermove -id  Wave.1 50477708
gui_wv_scroll_hslidermove -id  Wave.1 50477231
gui_wv_scroll_hslidermove -id  Wave.1 50477072
gui_wv_scroll_hslidermove -id  Wave.1 50476913
gui_wv_scroll_hslidermove -id  Wave.1 50476754
gui_wv_scroll_hslidermove -id  Wave.1 50476595
gui_wv_scroll_hslidermove -id  Wave.1 50476436
gui_wv_scroll_hslidermove -id  Wave.1 50476277
gui_wv_scroll_hslidermove -id  Wave.1 50476118
gui_wv_scroll_hslidermove -id  Wave.1 50475800
gui_wv_scroll_hslidermove -id  Wave.1 50475641
gui_wv_scroll_hslidermove -id  Wave.1 50475482
gui_wv_scroll_hslidermove -id  Wave.1 50475323
gui_close_window -window TopLevel.2
